<?xml version="1.0" encoding="UTF-8"?><testsuite errors="0" failures="1" name=": inicio de sesion" skipped="0" tests="1" time="54.71" timestamp="2021-04-17 12:10:38"><testcase name=": inicio de sesion"><failure message="&#13;&#10;Expected: an element that is visible&#13;&#10;     but: no matching element found by xpath:  //div[@id='wrong-credentials-error-div']" type="java.lang.AssertionError">&#13;
Expected: an element that is visible&#13;
     but: no matching element found by xpath:  //div[@id='wrong-credentials-error-div']</failure><system-err>&#13;
Expected: an element that is visible&#13;
     but: no matching element found by xpath:  //div[@id='wrong-credentials-error-div']&#13;
stepdefinitions.IniciarSesionStepDefinition.debeAparecerUnMensajeDeError(IniciarSesionStepDefinition.java:50)&#13;
âœ½.debe aparecer un mensaje de error(src/test/resources/features/iniciar_sesion.feature:15)&#13;
</system-err></testcase></testsuite>